  [1m[35m (0.5ms)[0m  [1m[35mCREATE DATABASE "library_development" ENCODING = 'unicode'[0m
  ↳ /home/aws/.rvm/gems/ruby-2.5.3/bin/rake:23
  [1m[35m (1356.3ms)[0m  [1m[35mCREATE DATABASE "library_development" ENCODING = 'unicode'[0m
  ↳ /home/aws/.rvm/gems/ruby-2.5.3/bin/rake:23
  [1m[35m (949.5ms)[0m  [1m[35mCREATE DATABASE "library_test" ENCODING = 'unicode'[0m
  ↳ /home/aws/.rvm/gems/ruby-2.5.3/bin/rake:23
  [1m[35m (102.0ms)[0m  [1m[35mCREATE TABLE "schema_migrations" ("version" character varying NOT NULL PRIMARY KEY)[0m
  ↳ /home/aws/.rvm/gems/ruby-2.5.3/bin/rake:23
  [1m[35m (90.3ms)[0m  [1m[35mCREATE TABLE "ar_internal_metadata" ("key" character varying NOT NULL PRIMARY KEY, "value" character varying, "created_at" timestamp NOT NULL, "updated_at" timestamp NOT NULL)[0m
  ↳ /home/aws/.rvm/gems/ruby-2.5.3/bin/rake:23
  [1m[35m (0.3ms)[0m  [1m[34mSELECT pg_try_advisory_lock(5288427128707212630)[0m
  ↳ /home/aws/.rvm/gems/ruby-2.5.3/bin/rake:23
  [1m[35m (0.8ms)[0m  [1m[34mSELECT "schema_migrations"."version" FROM "schema_migrations" ORDER BY "schema_migrations"."version" ASC[0m
  ↳ /home/aws/.rvm/gems/ruby-2.5.3/bin/rake:23
Migrating to CreateBooks (20190323195507)
  [1m[35m (0.2ms)[0m  [1m[35mBEGIN[0m
  ↳ /home/aws/.rvm/gems/ruby-2.5.3/bin/rake:23
  [1m[35m (97.8ms)[0m  [1m[35mCREATE TABLE "books" ("id" bigserial primary key, "title" character varying, "author" character varying, "weight" character varying, "publisher" character varying, "language" character varying, "pages" integer, "publication_date" timestamp, "created_at" timestamp NOT NULL, "updated_at" timestamp NOT NULL)[0m
  ↳ db/migrate/20190323195507_create_books.rb:3
  [1m[36mActiveRecord::SchemaMigration Create (0.6ms)[0m  [1m[32mINSERT INTO "schema_migrations" ("version") VALUES ($1) RETURNING "version"[0m  [["version", "20190323195507"]]
  ↳ /home/aws/.rvm/gems/ruby-2.5.3/bin/rake:23
  [1m[35m (7.7ms)[0m  [1m[35mCOMMIT[0m
  ↳ /home/aws/.rvm/gems/ruby-2.5.3/bin/rake:23
  [1m[36mActiveRecord::InternalMetadata Load (0.3ms)[0m  [1m[34mSELECT  "ar_internal_metadata".* FROM "ar_internal_metadata" WHERE "ar_internal_metadata"."key" = $1 LIMIT $2[0m  [["key", "environment"], ["LIMIT", 1]]
  ↳ /home/aws/.rvm/gems/ruby-2.5.3/bin/rake:23
  [1m[35m (0.2ms)[0m  [1m[35mBEGIN[0m
  ↳ /home/aws/.rvm/gems/ruby-2.5.3/bin/rake:23
  [1m[36mActiveRecord::InternalMetadata Create (0.6ms)[0m  [1m[32mINSERT INTO "ar_internal_metadata" ("key", "value", "created_at", "updated_at") VALUES ($1, $2, $3, $4) RETURNING "key"[0m  [["key", "environment"], ["value", "development"], ["created_at", "2019-03-24 06:20:12.074135"], ["updated_at", "2019-03-24 06:20:12.074135"]]
  ↳ /home/aws/.rvm/gems/ruby-2.5.3/bin/rake:23
  [1m[35m (9.6ms)[0m  [1m[35mCOMMIT[0m
  ↳ /home/aws/.rvm/gems/ruby-2.5.3/bin/rake:23
  [1m[35m (0.3ms)[0m  [1m[34mSELECT pg_advisory_unlock(5288427128707212630)[0m
  ↳ /home/aws/.rvm/gems/ruby-2.5.3/bin/rake:23
  [1m[35m (0.3ms)[0m  [1m[34mSELECT "schema_migrations"."version" FROM "schema_migrations" ORDER BY "schema_migrations"."version" ASC[0m
  ↳ /home/aws/.rvm/gems/ruby-2.5.3/bin/rake:23
  [1m[35m (0.2ms)[0m  [1m[35mBEGIN[0m
  [1m[36mBook Create (0.8ms)[0m  [1m[32mINSERT INTO "books" ("title", "author", "weight", "publisher", "language", "pages", "publication_date", "created_at", "updated_at") VALUES ($1, $2, $3, $4, $5, $6, $7, $8, $9) RETURNING "id"[0m  [["title", "Atlas Shrugged"], ["author", "Ayn Rand"], ["weight", "3.4 pounds"], ["publisher", "Dutton"], ["language", "English"], ["pages", 1168], ["publication_date", "2005-04-21 00:00:00"], ["created_at", "2019-03-24 06:27:17.062980"], ["updated_at", "2019-03-24 06:27:17.062980"]]
  [1m[35m (21.4ms)[0m  [1m[35mCOMMIT[0m
